<?xml version="1.0" encoding="UTF-8"?>
<Site BuildName="(empty)"
	BuildStamp="20231025-1030-Experimental"
	Name="anton20241host"
	Generator="ctest-3.16.3"
	CompilerName="/usr/bin/g++"
	CompilerVersion="9.4.0"
	OSName="Linux"
	Hostname="anton20241host"
	OSRelease="5.15.0-87-generic"
	OSVersion="#97~20.04.1-Ubuntu SMP Thu Oct 5 08:25:28 UTC 2023"
	OSPlatform="x86_64"
	Is64Bits="1"
	VendorString="GenuineIntel"
	VendorID="Intel Corporation"
	FamilyID="6"
	ModelID="154"
	ProcessorCacheSize="24576"
	NumberOfLogicalCPU="20"
	NumberOfPhysicalCPU="14"
	TotalVirtualMemory="2047"
	TotalPhysicalMemory="15696"
	LogicalProcessorsPerPhysical="1"
	ProcessorClockFrequency="2900"
	>
	<Testing>
		<StartDateTime>Oct 25 13:30 MSK</StartDateTime>
		<StartTestTime>1698229806</StartTestTime>
		<TestList/>
		<EndDateTime>Oct 25 13:30 MSK</EndDateTime>
		<EndTestTime>1698229806</EndTestTime>
		<ElapsedMinutes>0</ElapsedMinutes>
	</Testing>
</Site>
